2023-07-27 09:59:14,736 [Worker-2: Loading available Gradle versions] INFO  o.e.b.c.i.u.g.PublishedGradleVersions - Gradle version information cache is up-to-date. Trying to read.
2023-07-27 09:59:37,657 [Worker-7: Building] INFO  o.e.m.c.i.l.LifecycleMappingFactory - Using org.eclipse.m2e.jdt.JarLifecycleMapping lifecycle mapping for MavenProject: Nov2019RestAssuredFramework:Nov2019RestAssuredFramework:0.0.1-SNAPSHOT @ C:\SeleniumWorkspce\2. Rest Assure - Naveen\2022_RestAssuredFramework\pom.xml.
2023-07-27 09:59:37,657 [Worker-25: Updating Maven Dependencies] INFO  o.e.m.c.i.l.LifecycleMappingFactory - Using org.eclipse.m2e.jdt.JarLifecycleMapping lifecycle mapping for MavenProject: Nov2019RestAssuredFramework:Nov2019RestAssuredFramework:0.0.1-SNAPSHOT @ C:\SeleniumWorkspce\2. Rest Assure - Naveen\2022_RestAssuredFramework\pom.xml.
2023-07-27 09:59:37,875 [Worker-25: Updating Maven Dependencies] WARN  o.e.m.c.i.embedder.EclipseLogger - The artifact org.apache.commons:commons-io:jar:1.3.2 has been relocated to commons-io:commons-io:jar:1.3.2
2023-07-27 09:59:37,889 [Worker-7: Building] WARN  o.e.m.c.i.embedder.EclipseLogger - The artifact org.apache.commons:commons-io:jar:1.3.2 has been relocated to commons-io:commons-io:jar:1.3.2
2023-07-27 09:59:38,219 [Worker-7: Building] INFO  o.e.m.c.i.embedder.EclipseLogger - Using 'UTF-8' encoding to copy filtered resources.
2023-07-27 09:59:38,219 [Worker-7: Building] INFO  o.e.m.c.i.embedder.EclipseLogger - skip non existing resourceDirectory C:\SeleniumWorkspce\2. Rest Assure - Naveen\2022_RestAssuredFramework\src\main\resources
2023-07-27 09:59:38,220 [Worker-7: Building] INFO  o.e.m.c.i.embedder.EclipseLogger - Using 'UTF-8' encoding to copy filtered resources.
2023-07-27 09:59:38,223 [Worker-7: Building] INFO  o.e.m.c.i.embedder.EclipseLogger - Copying 1 resource
2023-07-27 09:59:39,578 [Worker-25: Updating Maven Dependencies] INFO  o.e.m.c.i.l.LifecycleMappingFactory - Using org.eclipse.m2e.jdt.JarLifecycleMapping lifecycle mapping for MavenProject: Nov2019RestAssuredFramework:Nov2019RestAssuredFramework:0.0.1-SNAPSHOT @ C:\SeleniumWorkspce\2. Rest Assure - Naveen\2022_RestAssuredFramework\pom.xml.
2023-07-27 09:59:39,725 [Worker-25: Updating Maven Dependencies] WARN  o.e.m.c.i.embedder.EclipseLogger - The artifact org.apache.commons:commons-io:jar:1.3.2 has been relocated to commons-io:commons-io:jar:1.3.2
2023-07-27 09:59:39,769 [Worker-17: Building] WARN  o.e.m.c.i.embedder.EclipseLogger - The artifact org.apache.commons:commons-io:jar:1.3.2 has been relocated to commons-io:commons-io:jar:1.3.2
2023-07-27 09:59:39,861 [Worker-17: Building] INFO  o.e.m.c.i.embedder.EclipseLogger - Using 'UTF-8' encoding to copy filtered resources.
2023-07-27 09:59:39,861 [Worker-17: Building] INFO  o.e.m.c.i.embedder.EclipseLogger - skip non existing resourceDirectory C:\SeleniumWorkspce\2. Rest Assure - Naveen\2022_RestAssuredFramework\src\main\resources
2023-07-27 09:59:39,863 [Worker-17: Building] INFO  o.e.m.c.i.embedder.EclipseLogger - Using 'UTF-8' encoding to copy filtered resources.
2023-07-27 09:59:39,866 [Worker-17: Building] INFO  o.e.m.c.i.embedder.EclipseLogger - Copying 1 resource
2023-07-27 09:59:41,070 [Worker-27: Building] WARN  o.e.m.c.i.embedder.EclipseLogger - The artifact org.apache.commons:commons-io:jar:1.3.2 has been relocated to commons-io:commons-io:jar:1.3.2
2023-07-27 09:59:41,082 [Worker-27: Building] INFO  o.e.m.c.i.embedder.EclipseLogger - Using 'UTF-8' encoding to copy filtered resources.
2023-07-27 09:59:41,082 [Worker-27: Building] INFO  o.e.m.c.i.embedder.EclipseLogger - skip non existing resourceDirectory C:\SeleniumWorkspce\2. Rest Assure - Naveen\2022_RestAssuredFramework\src\main\resources
2023-07-27 09:59:41,083 [Worker-27: Building] INFO  o.e.m.c.i.embedder.EclipseLogger - Using 'UTF-8' encoding to copy filtered resources.
2023-07-27 09:59:41,084 [Worker-27: Building] INFO  o.e.m.c.i.embedder.EclipseLogger - Copying 0 resource
